# JRE version: OpenJDK Runtime Environment (8.0_111-b14) (build 1.8.0_111-8u111-b14-2ubuntu0.16.04.2-b14)
# Java VM: OpenJDK 64-Bit Server VM (25.111-b14 mixed mode linux-amd64 compressed oops)
Heap:
 PSYoungGen      total 130560K, used 7679K [0x00000000ec180000, 0x00000000f4880000, 0x0000000100000000)
  eden space 122880K, 0% used [0x00000000ec180000,0x00000000ec180000,0x00000000f3980000)
  from space 7680K, 99% used [0x00000000f3980000,0x00000000f40ffec8,0x00000000f4100000)
  to   space 7680K, 0% used [0x00000000f4100000,0x00000000f4100000,0x00000000f4880000)
 ParOldGen       total 32256K, used 16076K [0x00000000c4400000, 0x00000000c6380000, 0x00000000ec180000)
  object space 32256K, 49% used [0x00000000c4400000,0x00000000c53b33d8,0x00000000c6380000)
 Metaspace       used 33541K, capacity 34066K, committed 34304K, reserved 1079296K
  class space    used 4163K, capacity 4334K, committed 4352K, reserved 1048576K
GC Heap History (10 events):
Event: 2.609 GC heap after
Heap after GC invocations=3 (full 0):
 PSYoungGen      total 33280K, used 2537K [0x00000000ec180000, 0x00000000f0280000, 0x0000000100000000)
  eden space 30720K, 0% used [0x00000000ec180000,0x00000000ec180000,0x00000000edf80000)
  from space 2560K, 99% used [0x00000000edf80000,0x00000000ee1fa7a8,0x00000000ee200000)
  to   space 2560K, 0% used [0x00000000f0000000,0x00000000f0000000,0x00000000f0280000)
 ParOldGen       total 40960K, used 2279K [0x00000000c4400000, 0x00000000c6c00000, 0x00000000ec180000)
  object space 40960K, 5% used [0x00000000c4400000,0x00000000c4639fc0,0x00000000c6c00000)
 Metaspace       used 12655K, capacity 12800K, committed 13056K, reserved 1060864K
  class space    used 1496K, capacity 1528K, committed 1536K, reserved 1048576K
}
Event: 3.131 GC heap before
{Heap before GC invocations=4 (full 0):
 PSYoungGen      total 33280K, used 33257K [0x00000000ec180000, 0x00000000f0280000, 0x0000000100000000)
  eden space 30720K, 100% used [0x00000000ec180000,0x00000000edf80000,0x00000000edf80000)
  from space 2560K, 99% used [0x00000000edf80000,0x00000000ee1fa7a8,0x00000000ee200000)
  to   space 2560K, 0% used [0x00000000f0000000,0x00000000f0000000,0x00000000f0280000)
 ParOldGen       total 40960K, used 2279K [0x00000000c4400000, 0x00000000c6c00000, 0x00000000ec180000)
  object space 40960K, 5% used [0x00000000c4400000,0x00000000c4639fc0,0x00000000c6c00000)
 Metaspace       used 13377K, capacity 13478K, committed 13696K, reserved 1060864K
  class space    used 1588K, capacity 1625K, committed 1664K, reserved 1048576K
Event: 3.154 GC heap after
Heap after GC invocations=4 (full 0):
 PSYoungGen      total 64000K, used 2538K [0x00000000ec180000, 0x00000000f0280000, 0x0000000100000000)
  eden space 61440K, 0% used [0x00000000ec180000,0x00000000ec180000,0x00000000efd80000)
  from space 2560K, 99% used [0x00000000f0000000,0x00000000f027a990,0x00000000f0280000)
  to   space 2560K, 0% used [0x00000000efd80000,0x00000000efd80000,0x00000000f0000000)
 ParOldGen       total 40960K, used 3170K [0x00000000c4400000, 0x00000000c6c00000, 0x00000000ec180000)
  object space 40960K, 7% used [0x00000000c4400000,0x00000000c4718b88,0x00000000c6c00000)
 Metaspace       used 13377K, capacity 13478K, committed 13696K, reserved 1060864K
  class space    used 1588K, capacity 1625K, committed 1664K, reserved 1048576K
}
Event: 4.434 GC heap before
{Heap before GC invocations=5 (full 0):
 PSYoungGen      total 64000K, used 63978K [0x00000000ec180000, 0x00000000f0280000, 0x0000000100000000)
  eden space 61440K, 100% used [0x00000000ec180000,0x00000000efd80000,0x00000000efd80000)
  from space 2560K, 99% used [0x00000000f0000000,0x00000000f027a990,0x00000000f0280000)
  to   space 2560K, 0% used [0x00000000efd80000,0x00000000efd80000,0x00000000f0000000)
 ParOldGen       total 40960K, used 3170K [0x00000000c4400000, 0x00000000c6c00000, 0x00000000ec180000)
  object space 40960K, 7% used [0x00000000c4400000,0x00000000c4718b88,0x00000000c6c00000)
 Metaspace       used 20561K, capacity 20828K, committed 21120K, reserved 1067008K
  class space    used 2546K, capacity 2648K, committed 2688K, reserved 1048576K
Event: 4.495 GC heap after
Heap after GC invocations=5 (full 0):
 PSYoungGen      total 64000K, used 2528K [0x00000000ec180000, 0x00000000f4880000, 0x0000000100000000)
  eden space 61440K, 0% used [0x00000000ec180000,0x00000000ec180000,0x00000000efd80000)
  from space 2560K, 98% used [0x00000000efd80000,0x00000000efff8040,0x00000000f0000000)
  to   space 7680K, 0% used [0x00000000f4100000,0x00000000f4100000,0x00000000f4880000)
 ParOldGen       total 40960K, used 8470K [0x00000000c4400000, 0x00000000c6c00000, 0x00000000ec180000)
  object space 40960K, 20% used [0x00000000c4400000,0x00000000c4c45a30,0x00000000c6c00000)
 Metaspace       used 20561K, capacity 20828K, committed 21120K, reserved 1067008K
  class space    used 2546K, capacity 2648K, committed 2688K, reserved 1048576K
}
Event: 4.539 GC heap before
{Heap before GC invocations=6 (full 0):
 PSYoungGen      total 64000K, used 3858K [0x00000000ec180000, 0x00000000f4880000, 0x0000000100000000)
  eden space 61440K, 2% used [0x00000000ec180000,0x00000000ec2cc8e0,0x00000000efd80000)
  from space 2560K, 98% used [0x00000000efd80000,0x00000000efff8040,0x00000000f0000000)
  to   space 7680K, 0% used [0x00000000f4100000,0x00000000f4100000,0x00000000f4880000)
 ParOldGen       total 40960K, used 8470K [0x00000000c4400000, 0x00000000c6c00000, 0x00000000ec180000)
  object space 40960K, 20% used [0x00000000c4400000,0x00000000c4c45a30,0x00000000c6c00000)
 Metaspace       used 20905K, capacity 21116K, committed 21296K, reserved 1069056K
  class space    used 2594K, capacity 2680K, committed 2688K, reserved 1048576K
Event: 4.557 GC heap after
Heap after GC invocations=6 (full 0):
 PSYoungGen      total 130560K, used 2752K [0x00000000ec180000, 0x00000000f4880000, 0x0000000100000000)
  eden space 122880K, 0% used [0x00000000ec180000,0x00000000ec180000,0x00000000f3980000)
  from space 7680K, 35% used [0x00000000f4100000,0x00000000f43b0040,0x00000000f4880000)
  to   space 7680K, 0% used [0x00000000f3980000,0x00000000f3980000,0x00000000f4100000)
 ParOldGen       total 40960K, used 8478K [0x00000000c4400000, 0x00000000c6c00000, 0x00000000ec180000)
  object space 40960K, 20% used [0x00000000c4400000,0x00000000c4c47a30,0x00000000c6c00000)
 Metaspace       used 20905K, capacity 21116K, committed 21296K, reserved 1069056K
  class space    used 2594K, capacity 2680K, committed 2688K, reserved 1048576K
}
Event: 4.558 GC heap before
{Heap before GC invocations=7 (full 1):
 PSYoungGen      total 130560K, used 2752K [0x00000000ec180000, 0x00000000f4880000, 0x0000000100000000)
  eden space 122880K, 0% used [0x00000000ec180000,0x00000000ec180000,0x00000000f3980000)
  from space 7680K, 35% used [0x00000000f4100000,0x00000000f43b0040,0x00000000f4880000)
  to   space 7680K, 0% used [0x00000000f3980000,0x00000000f3980000,0x00000000f4100000)
 ParOldGen       total 40960K, used 8478K [0x00000000c4400000, 0x00000000c6c00000, 0x00000000ec180000)
  object space 40960K, 20% used [0x00000000c4400000,0x00000000c4c47a30,0x00000000c6c00000)
 Metaspace       used 20905K, capacity 21116K, committed 21296K, reserved 1069056K
  class space    used 2594K, capacity 2680K, committed 2688K, reserved 1048576K
Event: 4.705 GC heap after
Heap after GC invocations=7 (full 1):
 PSYoungGen      total 130560K, used 0K [0x00000000ec180000, 0x00000000f4880000, 0x0000000100000000)
  eden space 122880K, 0% used [0x00000000ec180000,0x00000000ec180000,0x00000000f3980000)
  from space 7680K, 0% used [0x00000000f4100000,0x00000000f4100000,0x00000000f4880000)
  to   space 7680K, 0% used [0x00000000f3980000,0x00000000f3980000,0x00000000f4100000)
 ParOldGen       total 32256K, used 8073K [0x00000000c4400000, 0x00000000c6380000, 0x00000000ec180000)
  object space 32256K, 25% used [0x00000000c4400000,0x00000000c4be2568,0x00000000c6380000)
 Metaspace       used 20905K, capacity 21116K, committed 21296K, reserved 1069056K
  class space    used 2594K, capacity 2680K, committed 2688K, reserved 1048576K
}
Event: 27.725 GC heap before
{Heap before GC invocations=8 (full 1):
 PSYoungGen      total 130560K, used 122880K [0x00000000ec180000, 0x00000000f4880000, 0x0000000100000000)
  eden space 122880K, 100% used [0x00000000ec180000,0x00000000f3980000,0x00000000f3980000)
  from space 7680K, 0% used [0x00000000f4100000,0x00000000f4100000,0x00000000f4880000)
  to   space 7680K, 0% used [0x00000000f3980000,0x00000000f3980000,0x00000000f4100000)
 ParOldGen       total 32256K, used 8073K [0x00000000c4400000, 0x00000000c6380000, 0x00000000ec180000)
  object space 32256K, 25% used [0x00000000c4400000,0x00000000c4be2568,0x00000000c6380000)
 Metaspace       used 33541K, capacity 34066K, committed 34304K, reserved 1079296K
  class space    used 4163K, capacity 4334K, committed 4352K, reserved 1048576K

